{
  "RSpec": {
    "coverage": {
      "/Users/lizardapps/Projects/RD/myquot/config/environment.rb": [
        null,
        1,
        null,
        null,
        1
      ],
      "/Users/lizardapps/Projects/RD/myquot/config/application.rb": [
        1,
        null,
        1,
        null,
        1,
        1,
        1,
        1,
        1,
        1,
        1,
        1,
        null,
        null,
        null,
        null,
        1,
        null,
        1,
        1,
        null,
        1,
        null,
        null,
        null,
        null,
        null,
        null,
        1,
        null,
        null
      ],
      "/Users/lizardapps/Projects/RD/myquot/config/boot.rb": [
        1,
        null,
        1
      ],
      "/Users/lizardapps/Projects/RD/myquot/config/spring.rb": [
        null,
        null,
        null,
        null,
        null,
        5
      ],
      "/Users/lizardapps/Projects/RD/myquot/config/initializers/config.rb": [
        1,
        null,
        0,
        null,
        null,
        null,
        null,
        null,
        null,
        null,
        null,
        null,
        null,
        null,
        null,
        null,
        null,
        null,
        null,
        null,
        null,
        null,
        null,
        null,
        null,
        null,
        null,
        null,
        null,
        null,
        null,
        null,
        null,
        null,
        null,
        null,
        null,
        null,
        null,
        null,
        null,
        null,
        null,
        null,
        null
      ],
      "/Users/lizardapps/Projects/RD/myquot/config/environments/test.rb": [
        1,
        null,
        null,
        null,
        null,
        null,
        null,
        1,
        null,
        null,
        null,
        null,
        1,
        null,
        null,
        1,
        1,
        null,
        null,
        null,
        null,
        1,
        1,
        null,
        null,
        1,
        null,
        null,
        1,
        1,
        null,
        null,
        null,
        null,
        1,
        null,
        null,
        1,
        null,
        null,
        null,
        null,
        1,
        null
      ],
      "/Users/lizardapps/Projects/RD/myquot/config/initializers/application_controller_renderer.rb": [
        null,
        null,
        null,
        null,
        null,
        null,
        null,
        null
      ],
      "/Users/lizardapps/Projects/RD/myquot/config/initializers/assets.rb": [
        null,
        null,
        null,
        1,
        null,
        null,
        null,
        null,
        1,
        null,
        null,
        null,
        null,
        null,
        1
      ],
      "/Users/lizardapps/Projects/RD/myquot/config/initializers/backtrace_silencers.rb": [
        null,
        null,
        null,
        null,
        null,
        null,
        null
      ],
      "/Users/lizardapps/Projects/RD/myquot/config/initializers/cookies_serializer.rb": [
        null,
        null,
        null,
        null,
        1
      ],
      "/Users/lizardapps/Projects/RD/myquot/config/initializers/devise.rb": [
        null,
        null,
        1,
        null,
        null,
        null,
        null,
        null,
        null,
        1,
        null,
        null,
        null,
        null,
        null,
        1,
        null,
        null,
        null,
        null,
        null,
        null,
        null,
        null,
        null,
        null,
        null,
        1,
        null,
        null,
        null,
        null,
        null,
        null,
        null,
        null,
        null,
        1,
        null,
        null,
        null,
        null,
        null,
        null,
        null,
        null,
        null,
        null,
        null,
        1,
        null,
        null,
        null,
        null,
        1,
        null,
        null,
        null,
        null,
        null,
        null,
        null,
        null,
        null,
        null,
        null,
        null,
        null,
        null,
        null,
        null,
        null,
        null,
        null,
        null,
        null,
        null,
        null,
        null,
        null,
        null,
        null,
        null,
        null,
        null,
        1,
        null,
        null,
        null,
        null,
        null,
        null,
        null,
        null,
        null,
        null,
        null,
        null,
        null,
        null,
        null,
        null,
        null,
        null,
        null,
        null,
        null,
        null,
        1,
        null,
        null,
        null,
        null,
        null,
        null,
        null,
        null,
        1,
        null,
        null,
        null,
        null,
        null,
        null,
        null,
        1,
        null,
        null,
        null,
        null,
        null,
        null,
        null,
        null,
        null,
        null,
        null,
        null,
        null,
        1,
        null,
        null,
        1,
        null,
        null,
        null,
        1,
        null,
        null,
        1,
        null,
        null,
        null,
        null,
        null,
        null,
        null,
        null,
        null,
        null,
        1,
        null,
        null,
        null,
        null,
        1,
        null,
        null,
        null,
        null,
        null,
        null,
        null,
        null,
        null,
        null,
        null,
        null,
        null,
        null,
        null,
        null,
        null,
        null,
        null,
        null,
        null,
        null,
        null,
        null,
        null,
        null,
        null,
        null,
        null,
        null,
        null,
        null,
        null,
        null,
        null,
        1,
        null,
        null,
        null,
        null,
        1,
        null,
        null,
        null,
        1,
        null,
        null,
        null,
        null,
        null,
        null,
        null,
        null,
        null,
        null,
        null,
        null,
        null,
        null,
        null,
        null,
        null,
        null,
        null,
        null,
        null,
        null,
        null,
        null,
        null,
        null,
        null,
        null,
        null,
        null,
        null,
        null,
        null,
        null,
        null,
        null,
        null,
        1,
        null,
        null,
        null,
        null,
        null,
        null,
        null,
        null,
        null,
        null,
        null,
        null,
        null,
        null,
        null,
        null,
        null,
        null,
        null,
        null,
        null,
        null,
        null,
        null,
        null,
        null,
        null,
        null,
        null
      ],
      "/Users/lizardapps/Projects/RD/myquot/config/initializers/filter_parameter_logging.rb": [
        null,
        null,
        null,
        1
      ],
      "/Users/lizardapps/Projects/RD/myquot/config/initializers/inflections.rb": [
        null,
        null,
        null,
        null,
        null,
        null,
        null,
        null,
        null,
        null,
        null,
        null,
        null,
        null,
        null,
        null
      ],
      "/Users/lizardapps/Projects/RD/myquot/config/initializers/mime_types.rb": [
        null,
        null,
        null,
        null
      ],
      "/Users/lizardapps/Projects/RD/myquot/config/initializers/wrap_parameters.rb": [
        null,
        null,
        null,
        null,
        null,
        null,
        1,
        2,
        null,
        null,
        null,
        null,
        null,
        null
      ],
      "/Users/lizardapps/Projects/RD/myquot/spec/factories/clients.rb": [
        1,
        1,
        1,
        50,
        49,
        51,
        51,
        49,
        51,
        51,
        51,
        51,
        51,
        51,
        51,
        null,
        null
      ],
      "/Users/lizardapps/Projects/RD/myquot/spec/factories/company_profiles.rb": [
        1,
        1,
        1,
        47,
        49,
        49,
        49,
        49,
        49,
        49,
        49,
        49,
        null,
        null
      ],
      "/Users/lizardapps/Projects/RD/myquot/spec/factories/items.rb": [
        1,
        1,
        18,
        1,
        1,
        1,
        1,
        null,
        null
      ],
      "/Users/lizardapps/Projects/RD/myquot/spec/factories/profiles.rb": [
        1,
        1,
        1,
        11,
        13,
        13,
        13,
        13,
        13,
        13,
        13,
        13,
        null,
        null
      ],
      "/Users/lizardapps/Projects/RD/myquot/spec/factories/quotations.rb": [
        1,
        1,
        1,
        1,
        1,
        28,
        29,
        1,
        1,
        1,
        1,
        1,
        29,
        1,
        16,
        null,
        null,
        null
      ],
      "/Users/lizardapps/Projects/RD/myquot/spec/factories/users.rb": [
        1,
        1,
        127,
        127,
        1,
        1,
        128,
        129,
        110,
        1,
        null,
        null,
        1,
        2,
        2,
        1,
        1,
        2,
        2,
        2,
        1,
        null,
        null,
        1,
        1,
        0,
        null,
        null,
        null
      ],
      "/Users/lizardapps/Projects/RD/myquot/app/models/user.rb": [
        1,
        null,
        null,
        1,
        null,
        null,
        1,
        null,
        1,
        1,
        1,
        1,
        null,
        1,
        null,
        1,
        null,
        1,
        null,
        null,
        null,
        null,
        1,
        null,
        420,
        null,
        1,
        130,
        0,
        null,
        null,
        null,
        1,
        0,
        0,
        0,
        null,
        0,
        0,
        null,
        0,
        null,
        null,
        null,
        null,
        1,
        14,
        null,
        null,
        1,
        null,
        1,
        118,
        118,
        null,
        null
      ],
      "/Users/lizardapps/Projects/RD/myquot/app/models/application_record.rb": [
        1,
        1,
        null
      ],
      "/Users/lizardapps/Projects/RD/myquot/config/routes.rb": [
        1,
        1,
        1,
        1,
        1,
        null,
        null,
        null,
        1,
        1,
        1,
        null,
        null,
        1,
        null,
        1,
        null,
        null,
        null,
        null,
        null,
        null,
        null,
        1,
        1,
        1,
        1,
        null,
        null
      ],
      "/Users/lizardapps/Projects/RD/myquot/app/helpers/account/company_profiles_helper.rb": [
        1,
        null
      ],
      "/Users/lizardapps/Projects/RD/myquot/app/helpers/account/profiles_helper.rb": [
        1,
        null
      ],
      "/Users/lizardapps/Projects/RD/myquot/app/helpers/application_helper.rb": [
        1,
        null
      ],
      "/Users/lizardapps/Projects/RD/myquot/app/helpers/dashboard/clients_helper.rb": [
        1,
        null
      ],
      "/Users/lizardapps/Projects/RD/myquot/app/helpers/dashboard/dashboard_helper.rb": [
        1,
        null
      ],
      "/Users/lizardapps/Projects/RD/myquot/app/helpers/dashboard/quotations_helper.rb": [
        1,
        null
      ],
      "/Users/lizardapps/Projects/RD/myquot/app/helpers/pages_helper.rb": [
        1,
        null
      ],
      "/Users/lizardapps/Projects/RD/myquot/app/controllers/account/company_profiles_controller.rb": [
        1,
        1,
        1,
        1,
        1,
        null,
        1,
        1,
        null,
        null,
        1,
        1,
        1,
        null,
        null,
        1,
        4,
        4,
        2,
        null,
        2,
        null,
        null,
        null,
        1,
        null,
        1,
        1,
        1,
        null,
        0,
        null,
        null,
        null,
        1,
        4,
        2,
        null,
        2,
        null,
        null,
        null,
        1,
        2,
        2,
        null,
        0,
        null,
        null,
        null,
        1,
        null,
        1,
        14,
        null,
        null,
        1,
        8,
        null,
        0,
        null,
        null,
        1,
        8,
        null,
        null
      ],
      "/Users/lizardapps/Projects/RD/myquot/app/controllers/dashboard_controller.rb": [
        1,
        1,
        1,
        null
      ],
      "/Users/lizardapps/Projects/RD/myquot/app/controllers/application_controller.rb": [
        1,
        1,
        1,
        1,
        null,
        1,
        null,
        1,
        0,
        0,
        0,
        null,
        null
      ],
      "/Users/lizardapps/Projects/RD/myquot/app/concern/authenticable.rb": [
        1,
        1,
        1,
        1,
        null,
        null,
        1,
        null,
        1,
        0,
        0,
        0,
        null,
        null,
        null,
        1,
        14,
        0,
        0,
        null,
        null,
        null,
        1,
        0,
        null,
        null,
        1,
        0,
        0,
        null,
        null,
        1,
        0,
        null,
        null
      ],
      "/Users/lizardapps/Projects/RD/myquot/spec/controllers/account/profiles_controller_spec.rb": [
        1,
        null,
        1,
        6,
        4,
        2,
        2,
        2,
        6,
        null,
        1,
        1,
        1,
        1,
        1,
        null,
        null,
        null,
        1,
        1,
        1,
        1,
        null,
        1,
        1,
        1,
        null,
        null,
        null,
        null,
        1,
        1,
        1,
        1,
        null,
        null,
        null,
        1,
        1,
        1,
        1,
        1,
        null,
        null,
        1,
        1,
        1,
        null,
        null,
        null,
        1,
        1,
        1,
        1,
        null,
        null,
        null,
        null
      ],
      "/Users/lizardapps/Projects/RD/myquot/app/controllers/account/profiles_controller.rb": [
        1,
        1,
        1,
        null,
        1,
        null,
        1,
        null,
        null,
        1,
        null,
        null,
        1,
        3,
        3,
        4,
        2,
        null,
        2,
        1,
        null,
        null,
        null,
        null,
        1,
        null,
        1,
        5,
        null,
        null,
        1,
        3,
        null,
        null
      ],
      "/Users/lizardapps/Projects/RD/myquot/spec/controllers/dashboard/clients_controller_spec.rb": [
        1,
        null,
        1,
        20,
        14,
        3,
        5,
        1,
        15,
        null,
        1,
        1,
        1,
        1,
        1,
        null,
        null,
        null,
        1,
        1,
        1,
        1,
        null,
        1,
        1,
        1,
        null,
        null,
        null,
        null,
        1,
        1,
        1,
        1,
        null,
        1,
        1,
        1,
        null,
        null,
        null,
        1,
        1,
        1,
        1,
        null,
        1,
        1,
        1,
        null,
        null,
        null,
        1,
        1,
        1,
        1,
        null,
        1,
        1,
        1,
        null,
        null,
        null,
        1,
        1,
        1,
        1,
        1,
        null,
        null,
        null,
        1,
        1,
        1,
        null,
        null,
        null,
        1,
        1,
        1,
        1,
        null,
        null,
        1,
        1,
        1,
        null,
        null,
        null,
        1,
        1,
        1,
        null,
        null,
        null,
        1,
        1,
        1,
        1,
        1,
        1,
        2,
        null,
        1,
        1,
        1,
        1,
        null,
        null,
        null,
        1,
        1,
        1,
        1,
        1,
        null,
        null,
        null,
        1,
        1,
        1,
        1,
        null,
        null,
        null,
        1,
        1,
        1,
        null,
        null,
        null,
        1,
        1,
        1,
        1,
        1,
        1,
        null,
        null,
        1,
        1,
        1,
        1,
        null,
        null,
        null,
        1,
        1,
        1,
        null,
        null,
        null
      ],
      "/Users/lizardapps/Projects/RD/myquot/app/controllers/dashboard/clients_controller.rb": [
        1,
        1,
        1,
        1,
        null,
        1,
        1,
        null,
        null,
        1,
        1,
        1,
        null,
        null,
        1,
        4,
        4,
        2,
        null,
        2,
        null,
        null,
        null,
        1,
        null,
        1,
        1,
        1,
        null,
        0,
        null,
        null,
        null,
        1,
        4,
        2,
        null,
        2,
        null,
        null,
        null,
        1,
        2,
        2,
        null,
        0,
        null,
        null,
        null,
        1,
        null,
        1,
        14,
        null,
        null,
        1,
        8,
        null,
        0,
        null,
        null,
        1,
        8,
        null,
        null
      ],
      "/Users/lizardapps/Projects/RD/myquot/spec/controllers/dashboard/dashboard_controller_spec.rb": [
        1,
        null,
        1,
        2,
        2,
        null,
        1,
        1,
        1,
        1,
        1,
        null,
        null,
        null,
        1,
        1,
        1,
        1,
        null,
        1,
        1,
        1,
        null,
        null,
        null,
        null
      ],
      "/Users/lizardapps/Projects/RD/myquot/app/controllers/dashboard/dashboard_controller.rb": [
        1,
        1,
        null,
        null
      ],
      "/Users/lizardapps/Projects/RD/myquot/spec/controllers/dashboard/quotations_controller_spec.rb": [
        1,
        null,
        1,
        20,
        16,
        3,
        14,
        null,
        3,
        5,
        1,
        15,
        null,
        1,
        1,
        1,
        1,
        1,
        null,
        null,
        null,
        1,
        1,
        1,
        1,
        null,
        1,
        1,
        1,
        null,
        null,
        null,
        null,
        1,
        1,
        1,
        1,
        null,
        1,
        1,
        1,
        null,
        null,
        null,
        1,
        1,
        1,
        1,
        null,
        1,
        1,
        1,
        null,
        null,
        null,
        1,
        1,
        1,
        1,
        null,
        1,
        1,
        1,
        null,
        null,
        null,
        1,
        1,
        1,
        1,
        1,
        null,
        null,
        null,
        1,
        1,
        1,
        null,
        null,
        null,
        1,
        1,
        1,
        1,
        null,
        null,
        1,
        1,
        1,
        null,
        null,
        null,
        1,
        1,
        1,
        null,
        null,
        null,
        1,
        1,
        1,
        1,
        1,
        1,
        2,
        null,
        1,
        1,
        1,
        1,
        null,
        null,
        null,
        1,
        1,
        1,
        1,
        1,
        null,
        null,
        null,
        1,
        1,
        1,
        1,
        null,
        null,
        null,
        1,
        1,
        1,
        null,
        null,
        null,
        1,
        1,
        1,
        1,
        1,
        1,
        null,
        null,
        1,
        1,
        1,
        1,
        null,
        null,
        null,
        1,
        1,
        1,
        null,
        null,
        null,
        null
      ],
      "/Users/lizardapps/Projects/RD/myquot/app/controllers/dashboard/quotations_controller.rb": [
        1,
        1,
        1,
        1,
        null,
        1,
        1,
        null,
        null,
        1,
        1,
        1,
        1,
        1,
        null,
        null,
        1,
        4,
        4,
        4,
        4,
        2,
        null,
        2,
        null,
        null,
        null,
        1,
        1,
        1,
        1,
        1,
        null,
        0,
        null,
        null,
        null,
        1,
        4,
        4,
        4,
        2,
        null,
        2,
        null,
        null,
        null,
        1,
        null,
        1,
        2,
        2,
        null,
        0,
        null,
        null,
        null,
        1,
        null,
        1,
        14,
        null,
        null,
        1,
        8,
        null,
        0,
        null,
        null,
        1,
        8,
        null,
        null
      ],
      "/Users/lizardapps/Projects/RD/myquot/spec/controllers/pages_controller_spec.rb": [
        1,
        null,
        1,
        null,
        1,
        1,
        1,
        1,
        null,
        null,
        null,
        null
      ],
      "/Users/lizardapps/Projects/RD/myquot/app/controllers/pages_controller.rb": [
        1,
        1,
        null,
        null
      ],
      "/Users/lizardapps/Projects/RD/myquot/spec/helpers/account/company_profiles_helper_spec.rb": [
        1,
        null,
        null,
        null,
        null,
        null,
        null,
        null,
        null,
        null,
        null,
        null,
        1,
        null,
        null
      ],
      "/Users/lizardapps/Projects/RD/myquot/spec/helpers/account/profiles_helper_spec.rb": [
        1,
        null,
        null,
        null,
        null,
        null,
        null,
        null,
        null,
        null,
        null,
        null,
        1,
        null,
        null
      ],
      "/Users/lizardapps/Projects/RD/myquot/spec/helpers/dashboard/clients_helper_spec.rb": [
        1,
        null,
        null,
        null,
        null,
        null,
        null,
        null,
        null,
        null,
        null,
        null,
        1,
        null,
        null
      ],
      "/Users/lizardapps/Projects/RD/myquot/spec/helpers/dashboard/dashboard_helper_spec.rb": [
        1,
        null,
        null,
        null,
        null,
        null,
        null,
        null,
        null,
        null,
        null,
        null,
        1,
        null,
        null
      ],
      "/Users/lizardapps/Projects/RD/myquot/spec/helpers/dashboard/quotations_helper_spec.rb": [
        1,
        null,
        null,
        null,
        null,
        null,
        null,
        null,
        null,
        null,
        null,
        null,
        1,
        null,
        null
      ],
      "/Users/lizardapps/Projects/RD/myquot/spec/helpers/pages_helper_spec.rb": [
        1,
        null,
        null,
        null,
        null,
        null,
        null,
        null,
        null,
        null,
        null,
        null,
        1,
        null,
        null
      ],
      "/Users/lizardapps/Projects/RD/myquot/spec/models/client_spec.rb": [
        1,
        null,
        1,
        1,
        1,
        null,
        null,
        1,
        2,
        2,
        1,
        1,
        null,
        1,
        1,
        null,
        1,
        1,
        null,
        1,
        1,
        null,
        1,
        1,
        null,
        null,
        null
      ],
      "/Users/lizardapps/Projects/RD/myquot/app/models/client.rb": [
        1,
        1,
        1,
        null,
        1,
        null,
        1,
        null,
        1,
        114,
        228,
        38,
        null,
        null,
        1,
        0,
        null,
        null
      ],
      "/Users/lizardapps/Projects/RD/myquot/spec/models/company_profile_spec.rb": [
        1,
        null,
        1,
        1,
        1,
        null,
        null,
        1,
        2,
        2,
        1,
        1,
        null,
        1,
        1,
        null,
        null,
        null
      ],
      "/Users/lizardapps/Projects/RD/myquot/app/models/company_profile.rb": [
        1,
        1,
        1,
        null,
        1,
        null
      ],
      "/Users/lizardapps/Projects/RD/myquot/spec/models/item_spec.rb": [
        1,
        null,
        1,
        1,
        1,
        null,
        null,
        1,
        2,
        2,
        null,
        null
      ],
      "/Users/lizardapps/Projects/RD/myquot/app/models/item.rb": [
        1,
        1,
        null,
        1,
        null
      ],
      "/Users/lizardapps/Projects/RD/myquot/spec/models/profile_spec.rb": [
        1,
        null,
        1,
        1,
        1,
        null,
        null,
        1,
        2,
        2,
        1,
        1,
        null,
        1,
        1,
        null,
        null,
        null
      ],
      "/Users/lizardapps/Projects/RD/myquot/app/models/profile.rb": [
        1,
        1,
        null,
        1,
        null
      ],
      "/Users/lizardapps/Projects/RD/myquot/spec/models/quotation_spec.rb": [
        1,
        null,
        1,
        1,
        1,
        null,
        null,
        1,
        2,
        2,
        2,
        2,
        1,
        1,
        null,
        null,
        null
      ],
      "/Users/lizardapps/Projects/RD/myquot/app/models/quotation.rb": [
        1,
        1,
        1,
        1,
        1,
        1,
        1,
        null,
        1,
        null,
        1,
        null,
        1,
        54,
        144,
        18,
        null,
        null
      ],
      "/Users/lizardapps/Projects/RD/myquot/spec/models/user_spec.rb": [
        1,
        null,
        1,
        1,
        1,
        null,
        1,
        1,
        null,
        null,
        1,
        2,
        2,
        2,
        null,
        2,
        2,
        2,
        2,
        2,
        null,
        1,
        1,
        1,
        null,
        null,
        null,
        null,
        1,
        null,
        null,
        null,
        null,
        1,
        1,
        1,
        null,
        null,
        null,
        null
      ],
      "/Users/lizardapps/Projects/RD/myquot/spec/views/dashboard/dashboard/index.html.erb_spec.rb": [
        1,
        null,
        1,
        null,
        null
      ],
      "/Users/lizardapps/Projects/RD/myquot/spec/views/pages/index.html.erb_spec.rb": [
        1,
        null,
        1,
        null,
        null
      ]
    },
    "timestamp": 1517197332
  }
}
